current directory: /home/jan/RUBY ON RAILS/workspace/module_3/crypo_wallet/vendor/bundle/ruby/2.7.0/gems/sqlite3-1.7.3/ext/sqlite3
/home/jan/.rvm/rubies/ruby-2.7.8/bin/ruby -I /home/jan/.rvm/rubies/ruby-2.7.8/lib/ruby/site_ruby/2.7.0 extconf.rb
Building sqlite3-ruby using packaged sqlite3.
Extracting sqlite-autoconf-3450200.tar.gz into tmp/x86_64-linux-gnu/ports/sqlite3/3.45.2... OK
Running 'configure' for sqlite3 3.45.2... OK
Running 'compile' for sqlite3 3.45.2... OK
Running 'install' for sqlite3 3.45.2... ERROR. Please review logs to see what happened:
----- contents of '/home/jan/RUBY ON RAILS/workspace/module_3/crypo_wallet/vendor/bundle/ruby/2.7.0/gems/sqlite3-1.7.3/ext/sqlite3/tmp/x86_64-linux-gnu/ports/sqlite3/3.45.2/install.log' -----
make[1]: Entering directory '/home/jan/RUBY ON RAILS/workspace/module_3/crypo_wallet/vendor/bundle/ruby/2.7.0/gems/sqlite3-1.7.3/ext/sqlite3/tmp/x86_64-linux-gnu/ports/sqlite3/3.45.2/sqlite-autoconf-3450200'
 /usr/bin/mkdir -p '/home/jan/RUBY ON RAILS/workspace/module_3/crypo_wallet/vendor/bundle/ruby/2.7.0/gems/sqlite3-1.7.3/ports/x86_64-linux-gnu/sqlite3/3.45.2/lib'
 /bin/bash ./libtool   --mode=install /usr/bin/install -c   libsqlite3.la '/home/jan/RUBY ON RAILS/workspace/module_3/crypo_wallet/vendor/bundle/ruby/2.7.0/gems/sqlite3-1.7.3/ports/x86_64-linux-gnu/sqlite3/3.45.2/lib'
libtool: install: /usr/bin/install -c .libs/libsqlite3.lai /home/jan/RUBY ON RAILS/workspace/module_3/crypo_wallet/vendor/bundle/ruby/2.7.0/gems/sqlite3-1.7.3/ports/x86_64-linux-gnu/sqlite3/3.45.2/lib/libsqlite3.la
/usr/bin/install: target 'RAILS/workspace/module_3/crypo_wallet/vendor/bundle/ruby/2.7.0/gems/sqlite3-1.7.3/ports/x86_64-linux-gnu/sqlite3/3.45.2/lib/libsqlite3.la' is not a directory
make[1]: *** [Makefile:471: install-libLTLIBRARIES] Error 1
make[1]: Leaving directory '/home/jan/RUBY ON RAILS/workspace/module_3/crypo_wallet/vendor/bundle/ruby/2.7.0/gems/sqlite3-1.7.3/ext/sqlite3/tmp/x86_64-linux-gnu/ports/sqlite3/3.45.2/sqlite-autoconf-3450200'
make: *** [Makefile:915: install-am] Error 2
----- end of file -----
*** extconf.rb failed ***
Could not create Makefile due to some reason, probably lack of necessary
libraries and/or headers.  Check the mkmf.log file for more details.  You may
need configuration options.

Provided configuration options:
	--with-opt-dir
	--without-opt-dir
	--with-opt-include
	--without-opt-include=${opt-dir}/include
	--with-opt-lib
	--without-opt-lib=${opt-dir}/lib
	--with-make-prog
	--without-make-prog
	--srcdir=.
	--curdir
	--ruby=/home/jan/.rvm/rubies/ruby-2.7.8/bin/$(RUBY_BASE_NAME)
	--help
	--download-dependencies
	--with-sqlcipher
	--without-sqlcipher
	--with-sqlcipher-dir
	--without-sqlcipher-dir
	--with-sqlcipher-include
	--without-sqlcipher-include
	--with-sqlcipher-lib
	--without-sqlcipher-lib
	--enable-system-libraries
	--disable-system-libraries
	--with-sqlcipher
	--without-sqlcipher
	--with-sqlcipher-dir
	--without-sqlcipher-dir
	--with-sqlcipher-include
	--without-sqlcipher-include
	--with-sqlcipher-lib
	--without-sqlcipher-lib
	--with-sqlite-source-dir
	--with-sqlite-cflags
	--without-sqlite-cflags
/home/jan/RUBY ON RAILS/workspace/module_3/crypo_wallet/vendor/bundle/ruby/2.7.0/gems/mini_portile2-2.8.7/lib/mini_portile2/mini_portile.rb:623:in `block in execute': Failed to complete install task (RuntimeError)
	from /home/jan/RUBY ON RAILS/workspace/module_3/crypo_wallet/vendor/bundle/ruby/2.7.0/gems/mini_portile2-2.8.7/lib/mini_portile2/mini_portile.rb:589:in `chdir'
	from /home/jan/RUBY ON RAILS/workspace/module_3/crypo_wallet/vendor/bundle/ruby/2.7.0/gems/mini_portile2-2.8.7/lib/mini_portile2/mini_portile.rb:589:in `execute'
	from /home/jan/RUBY ON RAILS/workspace/module_3/crypo_wallet/vendor/bundle/ruby/2.7.0/gems/mini_portile2-2.8.7/lib/mini_portile2/mini_portile.rb:199:in `install'
	from /home/jan/RUBY ON RAILS/workspace/module_3/crypo_wallet/vendor/bundle/ruby/2.7.0/gems/mini_portile2-2.8.7/lib/mini_portile2/mini_portile.rb:238:in `cook'
	from extconf.rb:71:in `block in configure_packaged_libraries'
	from extconf.rb:51:in `tap'
	from extconf.rb:51:in `configure_packaged_libraries'
	from extconf.rb:17:in `configure'
	from extconf.rb:285:in `<main>'

extconf failed, exit code 1
